SF:lib/main.dart
DA:5,0
DA:6,0
DA:10,2
DA:12,1
DA:14,1
DA:16,1
DA:17,1
DA:26,0
DA:27,0
DA:28,0
DA:32,0
DA:34,0
DA:35,0
LF:13
LH:5
end_of_record
SF:lib/animation_widget.dart
DA:5,0
DA:9,0
DA:10,0
DA:16,0
DA:18,0
DA:19,0
DA:21,0
DA:23,0
DA:26,0
DA:27,0
DA:29,0
DA:31,0
DA:34,0
DA:35,0
DA:37,0
DA:39,0
DA:46,0
DA:48,0
DA:49,0
DA:50,0
DA:51,0
DA:52,0
DA:53,0
DA:54,0
DA:56,0
DA:57,0
DA:58,0
DA:59,0
DA:60,0
DA:61,0
DA:62,0
DA:64,0
DA:65,0
DA:66,0
DA:67,0
DA:68,0
DA:69,0
DA:70,0
DA:73,0
DA:76,0
DA:78,0
DA:79,0
DA:80,0
DA:81,0
DA:82,0
DA:87,0
DA:89,0
DA:90,0
DA:93,0
DA:95,0
DA:96,0
DA:97,0
DA:98,0
DA:100,0
DA:101,0
DA:103,0
DA:104,0
DA:105,0
DA:107,0
DA:111,0
DA:112,0
DA:113,0
DA:115,0
DA:116,0
DA:118,0
DA:119,0
DA:120,0
DA:122,0
DA:126,0
DA:127,0
DA:128,0
DA:130,0
DA:131,0
DA:133,0
DA:134,0
DA:135,0
DA:137,0
DA:144,0
DA:147,0
DA:148,0
DA:149,0
DA:151,0
DA:153,0
DA:154,0
DA:155,0
DA:156,0
DA:158,0
DA:159,0
DA:160,0
DA:161,0
DA:162,0
DA:168,0
DA:169,0
DA:170,0
DA:172,0
DA:173,0
DA:174,0
DA:175,0
DA:176,0
DA:182,0
DA:183,0
DA:184,0
DA:186,0
DA:187,0
DA:188,0
DA:189,0
DA:190,0
LF:107
LH:0
end_of_record
SF:lib/demo.dart
DA:8,1
DA:10,1
DA:11,1
DA:17,1
DA:19,1
DA:20,3
DA:23,1
DA:24,1
DA:29,2
DA:30,0
DA:31,0
DA:35,0
DA:36,0
DA:42,1
DA:44,1
DA:45,1
DA:46,1
DA:48,0
DA:49,0
DA:51,0
DA:52,0
DA:55,0
DA:58,1
DA:59,0
DA:60,0
LF:25
LH:14
end_of_record
SF:lib/womaty/pagination_controller.dart
DA:43,1
DA:48,2
DA:50,0
DA:52,1
DA:53,2
DA:55,1
DA:56,1
DA:59,4
DA:60,0
DA:61,0
DA:63,0
DA:64,0
DA:65,0
DA:67,0
DA:68,0
DA:70,0
DA:72,0
DA:73,0
DA:74,0
DA:76,0
DA:77,0
DA:78,0
DA:80,0
DA:84,0
DA:85,0
DA:86,0
DA:87,0
DA:88,0
DA:89,0
LF:29
LH:7
end_of_record
SF:lib/womaty/paging_list_view.dart
DA:59,1
DA:77,1
DA:78,1
DA:84,1
DA:86,1
DA:87,5
DA:88,3
DA:89,3
DA:90,4
DA:91,1
DA:95,0
DA:97,0
DA:98,0
DA:99,0
DA:102,1
DA:103,4
DA:104,0
DA:105,0
DA:106,0
DA:112,0
DA:113,0
DA:114,0
DA:115,0
DA:116,0
DA:119,0
DA:120,0
DA:125,1
DA:126,3
DA:129,1
DA:131,3
DA:133,1
DA:134,0
DA:135,0
DA:136,0
DA:138,0
DA:140,0
DA:141,0
DA:142,0
DA:143,0
DA:144,0
DA:145,0
DA:146,0
DA:147,0
DA:148,0
DA:149,0
DA:150,0
DA:151,0
DA:152,0
DA:153,0
DA:154,0
DA:155,0
DA:156,0
DA:157,0
DA:158,0
DA:159,0
DA:160,0
DA:161,0
DA:162,0
DA:163,0
DA:165,0
DA:166,0
DA:170,0
DA:171,0
DA:172,0
DA:176,0
DA:177,0
DA:178,0
DA:180,0
DA:186,1
DA:187,1
DA:188,3
DA:189,0
DA:191,1
DA:192,0
DA:193,0
DA:195,1
DA:196,1
DA:197,1
DA:198,1
DA:199,1
DA:200,1
DA:201,1
DA:211,1
DA:212,4
DA:213,0
DA:214,0
DA:217,0
DA:218,0
DA:219,0
DA:221,0
DA:226,4
DA:227,0
DA:228,0
DA:231,0
DA:232,0
DA:233,0
DA:235,0
DA:241,2
DA:242,1
DA:245,1
DA:246,1
DA:247,1
DA:249,1
LF:103
LH:37
end_of_record
